d:\vs 2019\с++\chatcpp\chatcpp\debug\vc142.pdb
d:\vs 2019\с++\chatcpp\chatcpp\debug\vc142.idb
d:\vs 2019\с++\chatcpp\chatcpp\debug\utils.obj
d:\vs 2019\с++\chatcpp\chatcpp\debug\user.obj
d:\vs 2019\с++\chatcpp\chatcpp\debug\storeusers.obj
d:\vs 2019\с++\chatcpp\chatcpp\debug\storemessage.obj
d:\vs 2019\с++\chatcpp\chatcpp\debug\main.obj
d:\vs 2019\с++\chatcpp\chatcpp\debug\chat.obj
d:\c++\chatcpp\chatcpp\debug\vc142.pdb
d:\c++\chatcpp\chatcpp\debug\vc142.idb
d:\c++\chatcpp\chatcpp\debug\utils.obj
d:\c++\chatcpp\chatcpp\debug\user.obj
d:\c++\chatcpp\chatcpp\debug\storeusers.obj
d:\c++\chatcpp\chatcpp\debug\storemessage.obj
d:\c++\chatcpp\chatcpp\debug\main.obj
d:\c++\chatcpp\chatcpp\debug\chat.obj
d:\vs 2019\с++\chatcpp\debug\chatcpp.exe
d:\vs 2019\с++\chatcpp\chatcpp\debug\chatcpp.ilk
d:\vs 2019\с++\chatcpp\debug\chatcpp.pdb
d:\c++\chatcpp\debug\chatcpp.exe
d:\c++\chatcpp\chatcpp\debug\chatcpp.ilk
d:\c++\chatcpp\debug\chatcpp.pdb
d:\c++\chatcpp\chatcpp\debug\chatcpp.tlog\cl.command.1.tlog
d:\c++\chatcpp\chatcpp\debug\chatcpp.tlog\cl.read.1.tlog
d:\c++\chatcpp\chatcpp\debug\chatcpp.tlog\cl.write.1.tlog
d:\c++\chatcpp\chatcpp\debug\chatcpp.tlog\link.command.1.tlog
d:\c++\chatcpp\chatcpp\debug\chatcpp.tlog\link.read.1.tlog
d:\c++\chatcpp\chatcpp\debug\chatcpp.tlog\link.write.1.tlog
